[debug] ----------------------------------------------------------------------
[debug] Command:      /usr/local/Cellar/node/7.1.0/bin/node /usr/local/bin/firebase deploy
[debug] CLI Version:  3.2.0
[debug] Platform:     darwin
[debug] Node Version: v7.1.0
[debug] Time:         Sat Dec 17 2016 19:29:47 GMT+0100 (CET)
[debug] ----------------------------------------------------------------------
[debug] 
[debug] > command requires scopes: ["email","openid","https://www.googleapis.com/auth/cloudplatformprojects.readonly","https://www.googleapis.com/auth/firebase"]
[debug] > refreshing access token with scopes: ["email","https://www.googleapis.com/auth/cloudplatformprojects.readonly","https://www.googleapis.com/auth/firebase","openid"]
[debug] >>> HTTP REQUEST POST https://www.googleapis.com/oauth2/v3/token
[debug] <<< HTTP RESPONSE 200
[debug] >>> HTTP REQUEST GET https://admin.firebase.com/v1/projects/tradux-fa630 
[debug] <<< HTTP RESPONSE 200
[debug] >>> HTTP REQUEST GET https://admin.firebase.com/v1/database/tradux-fa630/tokens 
[debug] <<< HTTP RESPONSE 200
[info] 
[info] === Deploying to 'tradux-fa630'...
[info] 
[info] i  deploying database, hosting
[info] ✔  database: rules ready to deploy.
[info] i  hosting: preparing dist directory for upload...
[debug] >>> HTTP REQUEST PUT https://deploy.firebase.com/v1/hosting/tradux-fa630/uploads/-KZD20g8XGTRMtHM9PVo?fileCount=13&message= 
[debug] ----------------------------------------------------------------------
[debug] Command:      /usr/local/Cellar/node/7.1.0/bin/node /usr/local/bin/firebase deploy
[debug] CLI Version:  3.2.0
[debug] Platform:     darwin
[debug] Node Version: v7.1.0
[debug] Time:         Sat Dec 17 2016 19:30:51 GMT+0100 (CET)
[debug] ----------------------------------------------------------------------
[debug] 
[debug] > command requires scopes: ["email","openid","https://www.googleapis.com/auth/cloudplatformprojects.readonly","https://www.googleapis.com/auth/firebase"]
[debug] >>> HTTP REQUEST GET https://admin.firebase.com/v1/projects/tradux-fa630 
[debug] <<< HTTP RESPONSE 200
[debug] >>> HTTP REQUEST GET https://admin.firebase.com/v1/database/tradux-fa630/tokens 
[debug] <<< HTTP RESPONSE 200
[info] 
[info] === Deploying to 'tradux-fa630'...
[info] 
[info] i  deploying database, hosting
[info] ✔  database: rules ready to deploy.
[info] i  hosting: preparing dist directory for upload...
[debug] >>> HTTP REQUEST PUT https://deploy.firebase.com/v1/hosting/tradux-fa630/uploads/-KZD2G3pn3lNjtmQBfN4?fileCount=13&message= 
